<?xml version="1.0" encoding="UTF-8"?>
<!-- Generated by org.testng.reporters.JUnitReportReporter -->
<testsuite hostname="JustPC" failures="0" tests="1" name="Test01_GET" time="1.473" errors="0" timestamp="2020-11-11T18:09:20 EST" skipped="0">
  <testcase classname="Test01_GET" name="test_01" time="1.473"/>
  <system-out/>
</testsuite> <!-- Test01_GET -->
