<?xml version="1.0" encoding="UTF-8"?>
<!-- Generated by org.testng.reporters.JUnitReportReporter -->
<testsuite hostname="JustPC" failures="0" tests="1" name="pack1.Tests_POST" time="1.621" errors="0" timestamp="2020-11-12T13:03:55 EST" skipped="0">
  <testcase classname="pack1.Tests_POST" name="test_4_DELETE" time="1.621"/>
  <system-out/>
</testsuite> <!-- pack1.Tests_POST -->
