<?xml version="1.0" encoding="UTF-8"?>
<!-- Generated by org.testng.reporters.JUnitReportReporter -->
<testsuite hostname="JustPC" failures="0" tests="1" name="pack1.Tests_GET" time="2.029" errors="0" timestamp="2020-11-12T11:54:17 EST" skipped="0">
  <testcase classname="pack1.Tests_GET" name="test_1" time="2.029"/>
  <system-out/>
</testsuite> <!-- pack1.Tests_GET -->
