<?xml version="1.0" encoding="UTF-8"?>
<!-- Generated by org.testng.reporters.JUnitReportReporter -->
<testsuite hostname="JustPC" failures="0" tests="1" name="pack1.DataDriven1" time="1.111" errors="0" timestamp="2020-11-12T15:20:19 EST" skipped="0">
  <testcase classname="pack1.DataDriven1" name="test_DELETE_2" time="1.111"/>
  <system-out/>
</testsuite> <!-- pack1.DataDriven1 -->
