<?xml version="1.0" encoding="UTF-8"?>
<!-- Generated by org.testng.reporters.JUnitReportReporter -->
<testsuite hostname="JustPC" failures="0" tests="1" name="pack1.Examples" time="1.075" errors="0" timestamp="2020-11-12T14:32:50 EST" skipped="0">
  <testcase classname="pack1.Examples" name="test_DELETE" time="1.075"/>
  <system-out/>
</testsuite> <!-- pack1.Examples -->
